<?xml version="1.0" encoding="UTF-8"?>
<!-- Generated by org.testng.reporters.JUnitXMLReporter -->
<testsuite hostname="FI-VDI-C0000018" name="Test" tests="3" failures="0" timestamp="12 Jun 2017 11:27:39 GMT" time="19.253" errors="0">
  <testcase name="testLoginPage" time="6.088" classname="testCases.TC001ExecuteWithOutPOM"/>
  <testcase name="testLoginPage" time="0.89" classname="testCases.TC002ExecuteWithPOM"/>
  <testcase name="testHomePageAppearCorrect" time="0.855" classname="testCases.TC003ExecuteWithPageFactory"/>
</testsuite> <!-- Test -->
